Content-Type: text/plain; charset="utf-8"
MIME-Version: 1.0
Content-Transfer-Encoding: 7bit
Subject: Password Reset Token for admin11@admin.ru
From: admin@admin.ru
To: admin11@admin.ru
Date: Sun, 11 Jun 2023 09:37:55 -0000
Message-ID: <168647627565.38713.9113680004725685092@erashov-571G>

d4ddfaf33003769294f8d54762ff6939d387fccb367f24c4c
-------------------------------------------------------------------------------
Content-Type: text/plain; charset="utf-8"
MIME-Version: 1.0
Content-Transfer-Encoding: 8bit
Subject: 
 =?utf-8?b?0J3QvtCy0YvQuSDQv9C+0YHRgtCw0LLRidC40Lo6ICJuZXdjb21wIiAgIA==?=
From: admin@admin.ru
To: admin_email@example.com
Date: Sun, 11 Jun 2023 09:37:55 -0000
Message-ID: <168647627565.38713.6686624466102351567@erashov-571G>

Зарегистрировался новый поставщик: "newcomp"   . Для начала работы необходимо его активировать.
-------------------------------------------------------------------------------
